<?xml version="1.0" encoding="UTF-8"?>
<testsuite xmlns:xsi="http://www.w3.org/2001/XMLSchema-instance" xsi:noNamespaceSchemaLocation="https://maven.apache.org/surefire/maven-surefire-plugin/xsd/surefire-test-report-3.0.xsd" version="3.0" name="com.SpringDepoly.DockerDep.DockerDepApplicationTests" time="3.083" tests="1" errors="0" skipped="0" failures="0">
  <properties>
[...]
</properties>
  <testcase name="contextLoads" classname="com.SpringDepoly.DockerDep.DockerDepApplicationTests" time="1.026">
    <system-out><![CDATA[13:00:44.199 [main] INFO org.springframework.test.context.support.AnnotationConfigContextLoaderUtils -- Could not detect default configuration classes for test class [com.SpringDepoly.DockerDep.DockerDepApplicationTests]: DockerDepApplicationTests does not declare any static, non-private, non-final, nested classes annotated with @Configuration.
13:00:44.333 [main] INFO org.springframework.boot.test.context.SpringBootTestContextBootstrapper -- Found @SpringBootConfiguration com.SpringDepoly.DockerDep.DockerDepApplication for test class com.SpringDepoly.DockerDep.DockerDepApplicationTests

  .   ____          _            __ _ _
 /\\ / ___'_ __ _ _(_)_ __  __ _ \ \ \ \
( ( )\___ | '_ | '_| | '_ \/ _` | \ \ \ \
 \\/  ___)| |_)| | | | | || (_| |  ) ) ) )
  '  |____| .__|_| |_|_| |_\__, | / / / /
 =========|_|==============|___/=/_/_/_/
 :: Spring Boot ::                (v3.2.4)

2024-04-03T13:00:44.756+05:30  INFO 1124 --- [spring-boot-docker] [           main] c.S.DockerDep.DockerDepApplicationTests  : Starting DockerDepApplicationTests using Java 17 with PID 1124 (started by ramareddychirla in C:\Users\ramareddychirla\Downloads\DockerDep\DockerDep)
2024-04-03T13:00:44.757+05:30  INFO 1124 --- [spring-boot-docker] [           main] c.S.DockerDep.DockerDepApplicationTests  : No active profile set, falling back to 1 default profile: "default"
2024-04-03T13:00:46.003+05:30  INFO 1124 --- [spring-boot-docker] [           main] c.S.DockerDep.DockerDepApplicationTests  : Started DockerDepApplicationTests in 1.502 seconds (process running for 2.738)
]]></system-out>
  </testcase>
</testsuite>